<?xml version="1.0" encoding="UTF-8"?>
<testsuite xmlns:xsi="http://www.w3.org/2001/XMLSchema-instance" xsi:noNamespaceSchemaLocation="https://maven.apache.org/surefire/maven-surefire-plugin/xsd/surefire-test-report-3.0.xsd" version="3.0" name="TestUnitarios" time="3.936" tests="4" errors="0" skipped="0" failures="0">
  <properties>
    <property name="java.specification.version" value="15"/>
    <property name="sun.cpu.isalist" value="amd64"/>
    <property name="sun.jnu.encoding" value="Cp1252"/>
    <property name="sun.awt.enableExtraMouseButtons" value="true"/>
    <property name="java.class.path" value="C:\Users\alexP\Documents\NetBeansProjects\PracticaHibernate\target\test-classes;C:\Users\alexP\Documents\NetBeansProjects\PracticaHibernate\target\classes;C:\Users\alexP\.m2\repository\org\junit\jupiter\junit-jupiter-api\5.6.0\junit-jupiter-api-5.6.0.jar;C:\Users\alexP\.m2\repository\org\apiguardian\apiguardian-api\1.1.0\apiguardian-api-1.1.0.jar;C:\Users\alexP\.m2\repository\org\opentest4j\opentest4j\1.2.0\opentest4j-1.2.0.jar;C:\Users\alexP\.m2\repository\org\junit\platform\junit-platform-commons\1.6.0\junit-platform-commons-1.6.0.jar;C:\Users\alexP\.m2\repository\mysql\mysql-connector-java\8.0.21\mysql-connector-java-8.0.21.jar;C:\Users\alexP\.m2\repository\com\google\protobuf\protobuf-java\3.11.4\protobuf-java-3.11.4.jar;C:\Users\alexP\.m2\repository\org\hibernate\hibernate-core\5.6.3.Final\hibernate-core-5.6.3.Final.jar;C:\Users\alexP\.m2\repository\org\jboss\logging\jboss-logging\3.4.2.Final\jboss-logging-3.4.2.Final.jar;C:\Users\alexP\.m2\repository\javax\persistence\javax.persistence-api\2.2\javax.persistence-api-2.2.jar;C:\Users\alexP\.m2\repository\net\bytebuddy\byte-buddy\1.11.20\byte-buddy-1.11.20.jar;C:\Users\alexP\.m2\repository\antlr\antlr\2.7.7\antlr-2.7.7.jar;C:\Users\alexP\.m2\repository\org\jboss\spec\javax\transaction\jboss-transaction-api_1.2_spec\1.1.1.Final\jboss-transaction-api_1.2_spec-1.1.1.Final.jar;C:\Users\alexP\.m2\repository\org\jboss\jandex\2.2.3.Final\jandex-2.2.3.Final.jar;C:\Users\alexP\.m2\repository\com\fasterxml\classmate\1.5.1\classmate-1.5.1.jar;C:\Users\alexP\.m2\repository\javax\activation\javax.activation-api\1.2.0\javax.activation-api-1.2.0.jar;C:\Users\alexP\.m2\repository\org\hibernate\common\hibernate-commons-annotations\5.1.2.Final\hibernate-commons-annotations-5.1.2.Final.jar;C:\Users\alexP\.m2\repository\javax\xml\bind\jaxb-api\2.3.1\jaxb-api-2.3.1.jar;C:\Users\alexP\.m2\repository\org\glassfish\jaxb\jaxb-runtime\2.3.1\jaxb-runtime-2.3.1.jar;C:\Users\alexP\.m2\repository\org\glassfish\jaxb\txw2\2.3.1\txw2-2.3.1.jar;C:\Users\alexP\.m2\repository\com\sun\istack\istack-commons-runtime\3.0.7\istack-commons-runtime-3.0.7.jar;C:\Users\alexP\.m2\repository\org\jvnet\staxex\stax-ex\1.8\stax-ex-1.8.jar;C:\Users\alexP\.m2\repository\com\sun\xml\fastinfoset\FastInfoset\1.2.15\FastInfoset-1.2.15.jar;C:\Users\alexP\.m2\repository\org\junit\jupiter\junit-jupiter-params\5.6.0\junit-jupiter-params-5.6.0.jar;C:\Users\alexP\.m2\repository\org\junit\jupiter\junit-jupiter-engine\5.6.0\junit-jupiter-engine-5.6.0.jar;C:\Users\alexP\.m2\repository\org\junit\platform\junit-platform-engine\1.6.0\junit-platform-engine-1.6.0.jar;"/>
    <property name="java.vm.vendor" value="Oracle Corporation"/>
    <property name="sun.arch.data.model" value="64"/>
    <property name="user.variant" value=""/>
    <property name="java.vendor.url" value="https://java.oracle.com/"/>
    <property name="user.timezone" value="Europe/Madrid"/>
    <property name="os.name" value="Windows 10"/>
    <property name="java.vm.specification.version" value="15"/>
    <property name="user.country" value="ES"/>
    <property name="sun.java.launcher" value="SUN_STANDARD"/>
    <property name="sun.boot.library.path" value="C:\Program Files\Java\jdk-15.0.1\bin"/>
    <property name="sun.java.command" value="C:\Users\alexP\AppData\Local\Temp\surefire15583509966183988077\surefirebooter17421126952353975673.jar C:\Users\alexP\AppData\Local\Temp\surefire15583509966183988077 2022-01-20T18-13-42_918-jvmRun1 surefire9990849873462311792tmp surefire_06260974025488148325tmp"/>
    <property name="jdk.debug" value="release"/>
    <property name="test" value="TestUnitarios"/>
    <property name="surefire.test.class.path" value="C:\Users\alexP\Documents\NetBeansProjects\PracticaHibernate\target\test-classes;C:\Users\alexP\Documents\NetBeansProjects\PracticaHibernate\target\classes;C:\Users\alexP\.m2\repository\org\junit\jupiter\junit-jupiter-api\5.6.0\junit-jupiter-api-5.6.0.jar;C:\Users\alexP\.m2\repository\org\apiguardian\apiguardian-api\1.1.0\apiguardian-api-1.1.0.jar;C:\Users\alexP\.m2\repository\org\opentest4j\opentest4j\1.2.0\opentest4j-1.2.0.jar;C:\Users\alexP\.m2\repository\org\junit\platform\junit-platform-commons\1.6.0\junit-platform-commons-1.6.0.jar;C:\Users\alexP\.m2\repository\mysql\mysql-connector-java\8.0.21\mysql-connector-java-8.0.21.jar;C:\Users\alexP\.m2\repository\com\google\protobuf\protobuf-java\3.11.4\protobuf-java-3.11.4.jar;C:\Users\alexP\.m2\repository\org\hibernate\hibernate-core\5.6.3.Final\hibernate-core-5.6.3.Final.jar;C:\Users\alexP\.m2\repository\org\jboss\logging\jboss-logging\3.4.2.Final\jboss-logging-3.4.2.Final.jar;C:\Users\alexP\.m2\repository\javax\persistence\javax.persistence-api\2.2\javax.persistence-api-2.2.jar;C:\Users\alexP\.m2\repository\net\bytebuddy\byte-buddy\1.11.20\byte-buddy-1.11.20.jar;C:\Users\alexP\.m2\repository\antlr\antlr\2.7.7\antlr-2.7.7.jar;C:\Users\alexP\.m2\repository\org\jboss\spec\javax\transaction\jboss-transaction-api_1.2_spec\1.1.1.Final\jboss-transaction-api_1.2_spec-1.1.1.Final.jar;C:\Users\alexP\.m2\repository\org\jboss\jandex\2.2.3.Final\jandex-2.2.3.Final.jar;C:\Users\alexP\.m2\repository\com\fasterxml\classmate\1.5.1\classmate-1.5.1.jar;C:\Users\alexP\.m2\repository\javax\activation\javax.activation-api\1.2.0\javax.activation-api-1.2.0.jar;C:\Users\alexP\.m2\repository\org\hibernate\common\hibernate-commons-annotations\5.1.2.Final\hibernate-commons-annotations-5.1.2.Final.jar;C:\Users\alexP\.m2\repository\javax\xml\bind\jaxb-api\2.3.1\jaxb-api-2.3.1.jar;C:\Users\alexP\.m2\repository\org\glassfish\jaxb\jaxb-runtime\2.3.1\jaxb-runtime-2.3.1.jar;C:\Users\alexP\.m2\repository\org\glassfish\jaxb\txw2\2.3.1\txw2-2.3.1.jar;C:\Users\alexP\.m2\repository\com\sun\istack\istack-commons-runtime\3.0.7\istack-commons-runtime-3.0.7.jar;C:\Users\alexP\.m2\repository\org\jvnet\staxex\stax-ex\1.8\stax-ex-1.8.jar;C:\Users\alexP\.m2\repository\com\sun\xml\fastinfoset\FastInfoset\1.2.15\FastInfoset-1.2.15.jar;C:\Users\alexP\.m2\repository\org\junit\jupiter\junit-jupiter-params\5.6.0\junit-jupiter-params-5.6.0.jar;C:\Users\alexP\.m2\repository\org\junit\jupiter\junit-jupiter-engine\5.6.0\junit-jupiter-engine-5.6.0.jar;C:\Users\alexP\.m2\repository\org\junit\platform\junit-platform-engine\1.6.0\junit-platform-engine-1.6.0.jar;"/>
    <property name="sun.cpu.endian" value="little"/>
    <property name="user.home" value="C:\Users\alexP"/>
    <property name="user.language" value="es"/>
    <property name="java.specification.vendor" value="Oracle Corporation"/>
    <property name="java.version.date" value="2020-10-20"/>
    <property name="java.home" value="C:\Program Files\Java\jdk-15.0.1"/>
    <property name="file.separator" value="\"/>
    <property name="basedir" value="C:\Users\alexP\Documents\NetBeansProjects\PracticaHibernate"/>
    <property name="java.vm.compressedOopsMode" value="32-bit"/>
    <property name="line.separator" value="&#10;"/>
    <property name="java.vm.specification.vendor" value="Oracle Corporation"/>
    <property name="java.specification.name" value="Java Platform API Specification"/>
    <property name="surefire.real.class.path" value="C:\Users\alexP\AppData\Local\Temp\surefire15583509966183988077\surefirebooter17421126952353975673.jar"/>
    <property name="user.script" value=""/>
    <property name="sun.management.compiler" value="HotSpot 64-Bit Tiered Compilers"/>
    <property name="java.runtime.version" value="15.0.1+9-18"/>
    <property name="user.name" value="alexP"/>
    <property name="path.separator" value=";"/>
    <property name="os.version" value="10.0"/>
    <property name="java.runtime.name" value="Java(TM) SE Runtime Environment"/>
    <property name="file.encoding" value="UTF-8"/>
    <property name="java.vm.name" value="Java HotSpot(TM) 64-Bit Server VM"/>
    <property name="maven.ext.class.path" value="C:\Program Files\NetBeans-12.2\netbeans\java\maven-nblib\netbeans-eventspy.jar"/>
    <property name="localRepository" value="C:\Users\alexP\.m2\repository"/>
    <property name="java.vendor.url.bug" value="https://bugreport.java.com/bugreport/"/>
    <property name="java.io.tmpdir" value="C:\Users\alexP\AppData\Local\Temp\"/>
    <property name="java.version" value="15.0.1"/>
    <property name="user.dir" value="C:\Users\alexP\Documents\NetBeansProjects\PracticaHibernate"/>
    <property name="os.arch" value="amd64"/>
    <property name="java.vm.specification.name" value="Java Virtual Machine Specification"/>
    <property name="sun.os.patch.level" value=""/>
    <property name="java.library.path" value="C:\Program Files\Java\jdk-15.0.1\bin;C:\WINDOWS\Sun\Java\bin;C:\WINDOWS\system32;C:\WINDOWS;C:\Program Files\Java\jdk-15.0.1;C:\oraclexe\app\oracle\product\11.2.0\server\bin;C:\Program Files (x86)\Common Files\Oracle\Java\javapath;C:\Program Files\Common Files\Oracle\Java\javapath;C:\Windows\system32;C:\Windows;C:\Windows\System32\Wbem;C:\Windows\System32\WindowsPowerShell\v1.0\;C:\Windows\System32\OpenSSH\;C:\Program Files\NVIDIA Corporation\NVIDIA NvDLISR;C:\Program Files (x86)\NVIDIA Corporation\PhysX\Common;C:\Cosas programación\mingw64\bin;C:\WINDOWS\system32;C:\WINDOWS;C:\WINDOWS\System32\Wbem;C:\WINDOWS\System32\WindowsPowerShell\v1.0\;C:\WINDOWS\System32\OpenSSH\;C:\Program Files\nodejs\;C:\Users\alexP\AppData\Local\Android\Sdk\platform-tools;C:\Program Files\dotnet\;C:\Cosas programación\Git\cmd;C:\Program Files\MongoDB\Server\5.0\bin;;C:\Program Files\Docker\Docker\resources\bin;C:\ProgramData\DockerDesktop\version-bin;C:\Program Files\Microsoft SQL Server\130\Tools\Binn\;C:\Program Files\Microsoft SQL Server\Client SDK\ODBC\170\Tools\Binn\;C:\Users\alexP\AppData\Local\Microsoft\WindowsApps;D:\clase\Microsoft VS Code\bin;C:\Users\alexP\AppData\Roaming\npm;D:\clase\Android studio\gradle-7.0;C:\Users\alexP\AppData\Local\Android\Sdk\platform-tools;C:\Users\alexP\.dotnet\tools;D:\clase\2ºDAM\SGE\sfdx\bin;."/>
    <property name="java.vm.info" value="mixed mode, sharing"/>
    <property name="java.vendor" value="Oracle Corporation"/>
    <property name="java.vm.version" value="15.0.1+9-18"/>
    <property name="sun.io.unicode.encoding" value="UnicodeLittle"/>
    <property name="java.class.version" value="59.0"/>
  </properties>
  <testcase name="TestEliminarEmpresaTestPorCompleto" classname="TestUnitarios" time="2.655">
    <system-out><![CDATA[Hibernate: alter table personajes add constraint FK8n4i24fa6sugo8jrg0fx9efgc foreign key (idVideojuegoPertenece) references videojuegos (idVideojuego)
Hibernate: alter table sagas add constraint FKk6xb0gd2ia9mhfb5j8v199dkc foreign key (idEmpresaAsignada) references empresas (idEmpresa)
Hibernate: alter table videojuegos add constraint FK3hegrodblkbn0enlg0jp3t2w5 foreign key (idSagaVideojuego) references sagas (idSaga)
Hibernate: select empresa0_.idEmpresa as idempres1_0_, empresa0_.ceo as ceo2_0_, empresa0_.fechaFundacion as fechafun3_0_, empresa0_.nombreEmpresa as nombreem4_0_, empresa0_.paisSede as paissede5_0_ from empresas empresa0_
Entro 2
Hibernate: select saga0_.idSaga as idsaga1_2_, saga0_.anioCreacion as aniocrea2_2_, saga0_.desarrolladora as desarrol3_2_, saga0_.genero as genero4_2_, saga0_.idEmpresaAsignada as idempres6_2_, saga0_.nombreSaga as nombresa5_2_ from sagas saga0_
Hibernate: select videojuego0_.idVideojuego as idvideoj1_3_, videojuego0_.fechaLanzamiento as fechalan2_3_, videojuego0_.idSagaVideojuego as idsagavi6_3_, videojuego0_.motorVideojuego as motorvid3_3_, videojuego0_.nombreVideojuego as nombrevi4_3_, videojuego0_.pegi as pegi5_3_ from videojuegos videojuego0_
Hibernate: select personaje0_.idPersonaje as idperson1_1_, personaje0_.anioAparicion as anioapar2_1_, personaje0_.idVideojuegoPertenece as idvideoj6_1_, personaje0_.interpreteModelo as interpre3_1_, personaje0_.interpreteVoz as interpre4_1_, personaje0_.nombreProtagonista as nombrepr5_1_ from personajes personaje0_
Hibernate: insert into empresas (ceo, fechaFundacion, nombreEmpresa, paisSede) values (?, ?, ?, ?)
Hibernate: delete from empresas where idEmpresa=?
]]></system-out>
    <system-err><![CDATA[ene. 20, 2022 6:13:44 P. M. org.hibernate.Version logVersion
INFO: HHH000412: Hibernate ORM core version 5.6.3.Final
ene. 20, 2022 6:13:44 P. M. org.hibernate.boot.jaxb.internal.stax.LocalXmlResourceResolver resolveEntity
WARN: HHH90000012: Recognized obsolete hibernate namespace http://hibernate.sourceforge.net/hibernate-configuration. Use namespace http://www.hibernate.org/dtd/hibernate-configuration instead.  Support for obsolete DTD/XSD namespaces may be removed at any time.
ene. 20, 2022 6:13:44 P. M. org.hibernate.annotations.common.reflection.java.JavaReflectionManager <clinit>
INFO: HCANN000001: Hibernate Commons Annotations {5.1.2.Final}
ene. 20, 2022 6:13:44 P. M. org.hibernate.engine.jdbc.connections.internal.DriverManagerConnectionProviderImpl configure
WARN: HHH10001002: Using Hibernate built-in connection pool (not for production use!)
Loading class `com.mysql.jdbc.Driver'. This is deprecated. The new driver class is `com.mysql.cj.jdbc.Driver'. The driver is automatically registered via the SPI and manual loading of the driver class is generally unnecessary.
ene. 20, 2022 6:13:44 P. M. org.hibernate.engine.jdbc.connections.internal.DriverManagerConnectionProviderImpl buildCreator
INFO: HHH10001005: using driver [com.mysql.jdbc.Driver] at URL [jdbc:mysql://localhost/practicahibernate]
ene. 20, 2022 6:13:44 P. M. org.hibernate.engine.jdbc.connections.internal.DriverManagerConnectionProviderImpl buildCreator
INFO: HHH10001001: Connection properties: {password=****, user=root}
ene. 20, 2022 6:13:44 P. M. org.hibernate.engine.jdbc.connections.internal.DriverManagerConnectionProviderImpl buildCreator
INFO: HHH10001003: Autocommit mode: false
ene. 20, 2022 6:13:44 P. M. org.hibernate.engine.jdbc.connections.internal.DriverManagerConnectionProviderImpl$PooledConnections <init>
INFO: HHH000115: Hibernate connection pool size: 20 (min=1)
ene. 20, 2022 6:13:45 P. M. org.hibernate.dialect.Dialect <init>
INFO: HHH000400: Using dialect: org.hibernate.dialect.MySQL5Dialect
ene. 20, 2022 6:13:45 P. M. org.hibernate.resource.transaction.backend.jdbc.internal.DdlTransactionIsolatorNonJtaImpl getIsolatedConnection
INFO: HHH10001501: Connection obtained from JdbcConnectionAccess [org.hibernate.engine.jdbc.env.internal.JdbcEnvironmentInitiator$ConnectionProviderJdbcConnectionAccess@1200458e] for (non-JTA) DDL execution was not in auto-commit mode; the Connection 'local transaction' will be committed and the Connection will be set into auto-commit mode.
ene. 20, 2022 6:13:46 P. M. org.hibernate.engine.transaction.jta.platform.internal.JtaPlatformInitiator initiateService
INFO: HHH000490: Using JtaPlatform implementation: [org.hibernate.engine.transaction.jta.platform.internal.NoJtaPlatform]
]]></system-err>
  </testcase>
  <testcase name="TestAñadirEmpresaYEscribirlaEnElFichero" classname="TestUnitarios" time="0.406">
    <system-out><![CDATA[Hibernate: alter table personajes add constraint FK8n4i24fa6sugo8jrg0fx9efgc foreign key (idVideojuegoPertenece) references videojuegos (idVideojuego)
Hibernate: alter table sagas add constraint FKk6xb0gd2ia9mhfb5j8v199dkc foreign key (idEmpresaAsignada) references empresas (idEmpresa)
Hibernate: alter table videojuegos add constraint FK3hegrodblkbn0enlg0jp3t2w5 foreign key (idSagaVideojuego) references sagas (idSaga)
Hibernate: select empresa0_.idEmpresa as idempres1_0_, empresa0_.ceo as ceo2_0_, empresa0_.fechaFundacion as fechafun3_0_, empresa0_.nombreEmpresa as nombreem4_0_, empresa0_.paisSede as paissede5_0_ from empresas empresa0_
Entro 2
Hibernate: select saga0_.idSaga as idsaga1_2_, saga0_.anioCreacion as aniocrea2_2_, saga0_.desarrolladora as desarrol3_2_, saga0_.genero as genero4_2_, saga0_.idEmpresaAsignada as idempres6_2_, saga0_.nombreSaga as nombresa5_2_ from sagas saga0_
Hibernate: select videojuego0_.idVideojuego as idvideoj1_3_, videojuego0_.fechaLanzamiento as fechalan2_3_, videojuego0_.idSagaVideojuego as idsagavi6_3_, videojuego0_.motorVideojuego as motorvid3_3_, videojuego0_.nombreVideojuego as nombrevi4_3_, videojuego0_.pegi as pegi5_3_ from videojuegos videojuego0_
Hibernate: select personaje0_.idPersonaje as idperson1_1_, personaje0_.anioAparicion as anioapar2_1_, personaje0_.idVideojuegoPertenece as idvideoj6_1_, personaje0_.interpreteModelo as interpre3_1_, personaje0_.interpreteVoz as interpre4_1_, personaje0_.nombreProtagonista as nombrepr5_1_ from personajes personaje0_
Hibernate: insert into empresas (ceo, fechaFundacion, nombreEmpresa, paisSede) values (?, ?, ?, ?)
Hibernate: delete from empresas where idEmpresa=?
]]></system-out>
    <system-err><![CDATA[ene. 20, 2022 6:13:46 P. M. org.hibernate.boot.jaxb.internal.stax.LocalXmlResourceResolver resolveEntity
WARN: HHH90000012: Recognized obsolete hibernate namespace http://hibernate.sourceforge.net/hibernate-configuration. Use namespace http://www.hibernate.org/dtd/hibernate-configuration instead.  Support for obsolete DTD/XSD namespaces may be removed at any time.
ene. 20, 2022 6:13:46 P. M. org.hibernate.engine.jdbc.connections.internal.DriverManagerConnectionProviderImpl configure
WARN: HHH10001002: Using Hibernate built-in connection pool (not for production use!)
ene. 20, 2022 6:13:46 P. M. org.hibernate.engine.jdbc.connections.internal.DriverManagerConnectionProviderImpl buildCreator
INFO: HHH10001005: using driver [com.mysql.jdbc.Driver] at URL [jdbc:mysql://localhost/practicahibernate]
ene. 20, 2022 6:13:46 P. M. org.hibernate.engine.jdbc.connections.internal.DriverManagerConnectionProviderImpl buildCreator
INFO: HHH10001001: Connection properties: {password=****, user=root}
ene. 20, 2022 6:13:46 P. M. org.hibernate.engine.jdbc.connections.internal.DriverManagerConnectionProviderImpl buildCreator
INFO: HHH10001003: Autocommit mode: false
ene. 20, 2022 6:13:46 P. M. org.hibernate.engine.jdbc.connections.internal.DriverManagerConnectionProviderImpl$PooledConnections <init>
INFO: HHH000115: Hibernate connection pool size: 20 (min=1)
ene. 20, 2022 6:13:46 P. M. org.hibernate.dialect.Dialect <init>
INFO: HHH000400: Using dialect: org.hibernate.dialect.MySQL5Dialect
ene. 20, 2022 6:13:46 P. M. org.hibernate.resource.transaction.backend.jdbc.internal.DdlTransactionIsolatorNonJtaImpl getIsolatedConnection
INFO: HHH10001501: Connection obtained from JdbcConnectionAccess [org.hibernate.engine.jdbc.env.internal.JdbcEnvironmentInitiator$ConnectionProviderJdbcConnectionAccess@7ac058a0] for (non-JTA) DDL execution was not in auto-commit mode; the Connection 'local transaction' will be committed and the Connection will be set into auto-commit mode.
ene. 20, 2022 6:13:46 P. M. org.hibernate.engine.transaction.jta.platform.internal.JtaPlatformInitiator initiateService
INFO: HHH000490: Using JtaPlatform implementation: [org.hibernate.engine.transaction.jta.platform.internal.NoJtaPlatform]
]]></system-err>
  </testcase>
  <testcase name="TestLeerArchivoYLeerLaEmpresaTestIntroducida" classname="TestUnitarios" time="0.451">
    <system-out><![CDATA[Hibernate: alter table personajes add constraint FK8n4i24fa6sugo8jrg0fx9efgc foreign key (idVideojuegoPertenece) references videojuegos (idVideojuego)
Hibernate: alter table sagas add constraint FKk6xb0gd2ia9mhfb5j8v199dkc foreign key (idEmpresaAsignada) references empresas (idEmpresa)
Hibernate: alter table videojuegos add constraint FK3hegrodblkbn0enlg0jp3t2w5 foreign key (idSagaVideojuego) references sagas (idSaga)
Hibernate: select empresa0_.idEmpresa as idempres1_0_, empresa0_.ceo as ceo2_0_, empresa0_.fechaFundacion as fechafun3_0_, empresa0_.nombreEmpresa as nombreem4_0_, empresa0_.paisSede as paissede5_0_ from empresas empresa0_
Entro 2
Hibernate: select saga0_.idSaga as idsaga1_2_, saga0_.anioCreacion as aniocrea2_2_, saga0_.desarrolladora as desarrol3_2_, saga0_.genero as genero4_2_, saga0_.idEmpresaAsignada as idempres6_2_, saga0_.nombreSaga as nombresa5_2_ from sagas saga0_
Hibernate: select videojuego0_.idVideojuego as idvideoj1_3_, videojuego0_.fechaLanzamiento as fechalan2_3_, videojuego0_.idSagaVideojuego as idsagavi6_3_, videojuego0_.motorVideojuego as motorvid3_3_, videojuego0_.nombreVideojuego as nombrevi4_3_, videojuego0_.pegi as pegi5_3_ from videojuegos videojuego0_
Hibernate: select personaje0_.idPersonaje as idperson1_1_, personaje0_.anioAparicion as anioapar2_1_, personaje0_.idVideojuegoPertenece as idvideoj6_1_, personaje0_.interpreteModelo as interpre3_1_, personaje0_.interpreteVoz as interpre4_1_, personaje0_.nombreProtagonista as nombrepr5_1_ from personajes personaje0_
Hibernate: insert into empresas (ceo, fechaFundacion, nombreEmpresa, paisSede) values (?, ?, ?, ?)
Hibernate: delete from empresas where idEmpresa=?
]]></system-out>
    <system-err><![CDATA[ene. 20, 2022 6:13:47 P. M. org.hibernate.boot.jaxb.internal.stax.LocalXmlResourceResolver resolveEntity
WARN: HHH90000012: Recognized obsolete hibernate namespace http://hibernate.sourceforge.net/hibernate-configuration. Use namespace http://www.hibernate.org/dtd/hibernate-configuration instead.  Support for obsolete DTD/XSD namespaces may be removed at any time.
ene. 20, 2022 6:13:47 P. M. org.hibernate.engine.jdbc.connections.internal.DriverManagerConnectionProviderImpl configure
WARN: HHH10001002: Using Hibernate built-in connection pool (not for production use!)
ene. 20, 2022 6:13:47 P. M. org.hibernate.engine.jdbc.connections.internal.DriverManagerConnectionProviderImpl buildCreator
INFO: HHH10001005: using driver [com.mysql.jdbc.Driver] at URL [jdbc:mysql://localhost/practicahibernate]
ene. 20, 2022 6:13:47 P. M. org.hibernate.engine.jdbc.connections.internal.DriverManagerConnectionProviderImpl buildCreator
INFO: HHH10001001: Connection properties: {password=****, user=root}
ene. 20, 2022 6:13:47 P. M. org.hibernate.engine.jdbc.connections.internal.DriverManagerConnectionProviderImpl buildCreator
INFO: HHH10001003: Autocommit mode: false
ene. 20, 2022 6:13:47 P. M. org.hibernate.engine.jdbc.connections.internal.DriverManagerConnectionProviderImpl$PooledConnections <init>
INFO: HHH000115: Hibernate connection pool size: 20 (min=1)
ene. 20, 2022 6:13:47 P. M. org.hibernate.dialect.Dialect <init>
INFO: HHH000400: Using dialect: org.hibernate.dialect.MySQL5Dialect
ene. 20, 2022 6:13:47 P. M. org.hibernate.resource.transaction.backend.jdbc.internal.DdlTransactionIsolatorNonJtaImpl getIsolatedConnection
INFO: HHH10001501: Connection obtained from JdbcConnectionAccess [org.hibernate.engine.jdbc.env.internal.JdbcEnvironmentInitiator$ConnectionProviderJdbcConnectionAccess@7523d5a1] for (non-JTA) DDL execution was not in auto-commit mode; the Connection 'local transaction' will be committed and the Connection will be set into auto-commit mode.
ene. 20, 2022 6:13:47 P. M. org.hibernate.engine.transaction.jta.platform.internal.JtaPlatformInitiator initiateService
INFO: HHH000490: Using JtaPlatform implementation: [org.hibernate.engine.transaction.jta.platform.internal.NoJtaPlatform]
]]></system-err>
  </testcase>
  <testcase name="TestModificarUnaEmpresaYQueSeModifiqueEnElFichero" classname="TestUnitarios" time="0.4">
    <system-out><![CDATA[Hibernate: alter table personajes add constraint FK8n4i24fa6sugo8jrg0fx9efgc foreign key (idVideojuegoPertenece) references videojuegos (idVideojuego)
Hibernate: alter table sagas add constraint FKk6xb0gd2ia9mhfb5j8v199dkc foreign key (idEmpresaAsignada) references empresas (idEmpresa)
Hibernate: alter table videojuegos add constraint FK3hegrodblkbn0enlg0jp3t2w5 foreign key (idSagaVideojuego) references sagas (idSaga)
Hibernate: select empresa0_.idEmpresa as idempres1_0_, empresa0_.ceo as ceo2_0_, empresa0_.fechaFundacion as fechafun3_0_, empresa0_.nombreEmpresa as nombreem4_0_, empresa0_.paisSede as paissede5_0_ from empresas empresa0_
Entro 2
Hibernate: select saga0_.idSaga as idsaga1_2_, saga0_.anioCreacion as aniocrea2_2_, saga0_.desarrolladora as desarrol3_2_, saga0_.genero as genero4_2_, saga0_.idEmpresaAsignada as idempres6_2_, saga0_.nombreSaga as nombresa5_2_ from sagas saga0_
Hibernate: select videojuego0_.idVideojuego as idvideoj1_3_, videojuego0_.fechaLanzamiento as fechalan2_3_, videojuego0_.idSagaVideojuego as idsagavi6_3_, videojuego0_.motorVideojuego as motorvid3_3_, videojuego0_.nombreVideojuego as nombrevi4_3_, videojuego0_.pegi as pegi5_3_ from videojuegos videojuego0_
Hibernate: select personaje0_.idPersonaje as idperson1_1_, personaje0_.anioAparicion as anioapar2_1_, personaje0_.idVideojuegoPertenece as idvideoj6_1_, personaje0_.interpreteModelo as interpre3_1_, personaje0_.interpreteVoz as interpre4_1_, personaje0_.nombreProtagonista as nombrepr5_1_ from personajes personaje0_
Hibernate: insert into empresas (ceo, fechaFundacion, nombreEmpresa, paisSede) values (?, ?, ?, ?)
Hibernate: update empresas set ceo=?, fechaFundacion=?, nombreEmpresa=?, paisSede=? where idEmpresa=?
Hibernate: update empresas set ceo=?, fechaFundacion=?, nombreEmpresa=?, paisSede=? where idEmpresa=?
Hibernate: update empresas set ceo=?, fechaFundacion=?, nombreEmpresa=?, paisSede=? where idEmpresa=?
Hibernate: delete from empresas where idEmpresa=?
]]></system-out>
    <system-err><![CDATA[ene. 20, 2022 6:13:47 P. M. org.hibernate.boot.jaxb.internal.stax.LocalXmlResourceResolver resolveEntity
WARN: HHH90000012: Recognized obsolete hibernate namespace http://hibernate.sourceforge.net/hibernate-configuration. Use namespace http://www.hibernate.org/dtd/hibernate-configuration instead.  Support for obsolete DTD/XSD namespaces may be removed at any time.
ene. 20, 2022 6:13:47 P. M. org.hibernate.engine.jdbc.connections.internal.DriverManagerConnectionProviderImpl configure
WARN: HHH10001002: Using Hibernate built-in connection pool (not for production use!)
ene. 20, 2022 6:13:47 P. M. org.hibernate.engine.jdbc.connections.internal.DriverManagerConnectionProviderImpl buildCreator
INFO: HHH10001005: using driver [com.mysql.jdbc.Driver] at URL [jdbc:mysql://localhost/practicahibernate]
ene. 20, 2022 6:13:47 P. M. org.hibernate.engine.jdbc.connections.internal.DriverManagerConnectionProviderImpl buildCreator
INFO: HHH10001001: Connection properties: {password=****, user=root}
ene. 20, 2022 6:13:47 P. M. org.hibernate.engine.jdbc.connections.internal.DriverManagerConnectionProviderImpl buildCreator
INFO: HHH10001003: Autocommit mode: false
ene. 20, 2022 6:13:47 P. M. org.hibernate.engine.jdbc.connections.internal.DriverManagerConnectionProviderImpl$PooledConnections <init>
INFO: HHH000115: Hibernate connection pool size: 20 (min=1)
ene. 20, 2022 6:13:47 P. M. org.hibernate.dialect.Dialect <init>
INFO: HHH000400: Using dialect: org.hibernate.dialect.MySQL5Dialect
ene. 20, 2022 6:13:47 P. M. org.hibernate.resource.transaction.backend.jdbc.internal.DdlTransactionIsolatorNonJtaImpl getIsolatedConnection
INFO: HHH10001501: Connection obtained from JdbcConnectionAccess [org.hibernate.engine.jdbc.env.internal.JdbcEnvironmentInitiator$ConnectionProviderJdbcConnectionAccess@3b770d07] for (non-JTA) DDL execution was not in auto-commit mode; the Connection 'local transaction' will be committed and the Connection will be set into auto-commit mode.
ene. 20, 2022 6:13:47 P. M. org.hibernate.engine.transaction.jta.platform.internal.JtaPlatformInitiator initiateService
INFO: HHH000490: Using JtaPlatform implementation: [org.hibernate.engine.transaction.jta.platform.internal.NoJtaPlatform]
]]></system-err>
  </testcase>
</testsuite>